  CutSetWidthFitnessFunction.cpp
  JoinSizeFitnessFunction.cpp
D:\Bachelor\GPUSAT\GPUSAT\src\FitnessFunctions\JoinSizeFitnessFunction.cpp(10,122): warning C4267: '=': conversion from 'size_t' to 'long', possible loss of data
  NumJoinFitnessFunction.cpp
D:\Bachelor\GPUSAT\GPUSAT\src\FitnessFunctions\NumJoinFitnessFunction.cpp(8,76): warning C4146: unary minus operator applied to unsigned type, result still unsigned
  WidthCutSetFitnessFunction.cpp
  decomposer.cpp
  gpusatparser.cpp
  gpusatpreprocessor.cpp
D:\Bachelor\GPUSAT\GPUSAT\src\gpusatpreprocessor.cpp(18,72): warning C4018: '<': signed/unsigned mismatch
D:\Bachelor\GPUSAT\GPUSAT\src\gpusatpreprocessor.cpp(18,125): warning C4018: '<': signed/unsigned mismatch
D:\Bachelor\GPUSAT\GPUSAT\src\gpusatpreprocessor.cpp(21,38): warning C4018: '<': signed/unsigned mismatch
D:\Bachelor\GPUSAT\GPUSAT\src\gpusatpreprocessor.cpp(41,38): warning C4018: '<': signed/unsigned mismatch
D:\Bachelor\GPUSAT\GPUSAT\src\gpusatpreprocessor.cpp(47,34): warning C4018: '<': signed/unsigned mismatch
D:\Bachelor\GPUSAT\GPUSAT\src\gpusatpreprocessor.cpp(104,31): warning C4018: '<': signed/unsigned mismatch
D:\Bachelor\GPUSAT\GPUSAT\src\gpusatpreprocessor.cpp(106,35): warning C4018: '<': signed/unsigned mismatch
D:\Bachelor\GPUSAT\GPUSAT\src\gpusatpreprocessor.cpp(128,25): warning C4244: 'initializing': conversion from 'cl_long' to 'long', possible loss of data
D:\Bachelor\GPUSAT\GPUSAT\src\gpusatpreprocessor.cpp(147,29): warning C4244: 'initializing': conversion from '__int64' to 'long', possible loss of data
  main.cpp
D:\Bachelor\GPUSAT\GPUSAT\include\gpusatutils.h(162,33): warning C4244: 'argument': conversion from 'cl_long' to 'int', possible loss of data
D:\Bachelor\GPUSAT\GPUSAT\include\gpusatutils.h(162,26): warning C4244: 'argument': conversion from 'cl_long' to 'int', possible loss of data
D:\Bachelor\GPUSAT\GPUSAT\src\main.cpp(138,16): warning C4018: '<': signed/unsigned mismatch
D:\Bachelor\GPUSAT\GPUSAT\src\main.cpp(152,17): warning C4018: '<': signed/unsigned mismatch
D:\Bachelor\GPUSAT\GPUSAT\src\main.cpp(203,9): warning C4244: 'argument': conversion from 'time_t' to 'unsigned int', possible loss of data
D:\Bachelor\GPUSAT\GPUSAT\src\main.cpp(416,9): warning C4101: 'buf': unreferenced local variable
  solver.cpp
D:\Bachelor\GPUSAT\GPUSAT\include\gpusatutils.h(162,33): warning C4244: 'argument': conversion from 'cl_long' to 'int', possible loss of data
D:\Bachelor\GPUSAT\GPUSAT\include\gpusatutils.h(162,26): warning C4244: 'argument': conversion from 'cl_long' to 'int', possible loss of data
D:\Bachelor\GPUSAT\GPUSAT\src\solver.cpp(44,31): warning C4244: 'argument': conversion from 'cl_long' to 'int', possible loss of data
D:\Bachelor\GPUSAT\GPUSAT\src\solver.cpp(58,32): warning C4244: 'argument': conversion from 'cl_long' to 'int', possible loss of data
D:\Bachelor\GPUSAT\GPUSAT\src\solver.cpp(72,28): warning C4018: '<': signed/unsigned mismatch
D:\Bachelor\GPUSAT\GPUSAT\src\solver.cpp(91,30): warning C4244: 'argument': conversion from 'cl_long' to 'int', possible loss of data
D:\Bachelor\GPUSAT\GPUSAT\src\solver.cpp(92,40): warning C4244: 'argument': conversion from 'cl_long' to 'int', possible loss of data
D:\Bachelor\GPUSAT\GPUSAT\src\solver.cpp(92,35): warning C4244: 'argument': conversion from 'cl_long' to 'int', possible loss of data
D:\Bachelor\GPUSAT\GPUSAT\src\solver.cpp(93,40): warning C4244: 'argument': conversion from 'cl_long' to 'int', possible loss of data
D:\Bachelor\GPUSAT\GPUSAT\src\solver.cpp(93,35): warning C4244: 'argument': conversion from 'cl_long' to 'int', possible loss of data
D:\Bachelor\GPUSAT\GPUSAT\src\solver.cpp(105,34): warning C4244: 'argument': conversion from 'cl_long' to 'int', possible loss of data
D:\Bachelor\GPUSAT\GPUSAT\src\solver.cpp(115,33): warning C4244: 'argument': conversion from 'cl_long' to 'int', possible loss of data
D:\Bachelor\GPUSAT\GPUSAT\src\solver.cpp(164,20): warning C4244: 'initializing': conversion from 'cl_long' to 'cl_double', possible loss of data
D:\Bachelor\GPUSAT\GPUSAT\src\solver.cpp(165,14): warning C4244: 'initializing': conversion from 'double' to 'cl_long', possible loss of data
D:\Bachelor\GPUSAT\GPUSAT\src\solver.cpp(212,20): warning C4244: 'initializing': conversion from 'cl_long' to 'cl_double', possible loss of data
D:\Bachelor\GPUSAT\GPUSAT\src\solver.cpp(213,14): warning C4244: 'initializing': conversion from 'double' to 'cl_long', possible loss of data
D:\Bachelor\GPUSAT\GPUSAT\src\solver.cpp(307,19): warning C4244: 'initializing': conversion from 'double' to 'cl_long', possible loss of data
D:\Bachelor\GPUSAT\GPUSAT\src\solver.cpp(459,25): warning C4018: '<': signed/unsigned mismatch
D:\Bachelor\GPUSAT\GPUSAT\src\solver.cpp(465,27): warning C4018: '<': signed/unsigned mismatch
D:\Bachelor\GPUSAT\GPUSAT\src\solver.cpp(553,19): warning C4244: 'initializing': conversion from 'double' to 'cl_long', possible loss of data
  Generating Code...
main.obj : error LNK2019: unresolved external symbol "public: void __cdecl gpusat::Graphoutput::graphStart(void)" (?graphStart@Graphoutput@gpusat@@QEAAXXZ) referenced in function main
main.obj : error LNK2019: unresolved external symbol "public: void __cdecl gpusat::Graphoutput::graphEnd(void)" (?graphEnd@Graphoutput@gpusat@@QEAAXXZ) referenced in function main
main.obj : error LNK2019: unresolved external symbol "private: bool __cdecl gpusat::Graphoutput::setFile(class std::basic_string<char,struct std::char_traits<char>,class std::allocator<char> >)" (?setFile@Graphoutput@gpusat@@AEAA_NV?$basic_string@DU?$char_traits@D@std@@V?$allocator@D@2@@std@@@Z) referenced in function "public: __cdecl gpusat::Graphoutput::Graphoutput(class std::basic_string<char,struct std::char_traits<char>,class std::allocator<char> >)" (??0Graphoutput@gpusat@@QEAA@V?$basic_string@DU?$char_traits@D@std@@V?$allocator@D@2@@std@@@Z)
D:\Bachelor\GPUSAT\GPUSAT\Debug\gpusat.exe : fatal error LNK1120: 3 unresolved externals
